
ROM used:   3960/16384 (12%)
            3960/16384 (12%) including unused fragments

            0.7 Average locations per line
            6.9 Average locations per statement

RAM used:   376/2048 (18%) at main() level
            399/2048 (19%) worst case

Stack used: 12 worst case (3 in main + 9 for interrupts)
Stack size: 31

Lines Stmts  %   Files
----- ----- ---  -----
   41    11   2  main.c
   26     0   0  main.h
  759     0   0  C:\Program Files (x86)\PICC\Devices\18F2550.h
  228     0   0  usb\pic18_usb.h
  328     0   0  C:\Program Files (x86)\PICC\Drivers\usb_hw_layer.h
  352     0   0  usb\usb_desc_hid.h
 1103     0   0  C:\Program Files (x86)\PICC\Drivers\usb.h
 1180   247  43  usb\usb.c
 1403   317  55  C:\Program Files (x86)\PICC\Drivers\pic18_usb.c
  121     1   0  pgm_lib.c
  101     0   0  pgm_lib.h
----- -----
 5642   576 Total

Page ROM  %  RAM   Vol Diff  Functions:
---- --- --- ---   --- ----  ----------
0     42   1    1             @delay_ms1
0     32   0    0             @const719
0     48   1    0             @const725
0     48   1    0             @const731
0     18   0    0             @const734
0     18   0    0             @const738
0     58   1    0             @const742
0     18   0    0             @const745
0     18   0    0             @const748
0     34   0    0             @const753
0     56   1    0             @const757
0     84   1    4   139  4.3  usb_kbhit
0     30   0    5             @MUL1616
0     80   1    4   139  4.3  usb_tbe
0     36   0    1   145  3.2  usb_detach
0     34   0    0   136  2.2  usb_attach
0      6   0    0    16  1.0  usb_init_cs
0     36   0    1   367  5.2  usb_task
0    268   3    9  1092  5.4  usb_flush_in
0    240   3    9   914  5.0  usb_flush_out
0     90   1    6   258  4.6  usb_stall_ep
0     88   1    6   266  4.6  usb_unstall_ep
0    106   1    5   373  6.0  usb_endpoint_stalled
0     22   0    1    94  2.7  usb_set_address
0    482   6   12  1774 10.4  usb_set_configured
0     96   1    5   199  3.2  usb_disable_endpoint
0     22   0    1    99  3.0  usb_disable_endpoints
0      4   0    0    61  4.0  usb_clear_trn
0    114   1    2   662  6.8  usb_isr
0      6   0    0    43  2.0  usb_isr_sof
0     42   1    0   357  4.2  usb_isr_rst
0     32   0    0   508  4.0  usb_init_ep0_setup
0      8   0    0    74  2.8  usb_isr_uerr
0     10   0    0    82  2.8  usb_isr_uidle
0     16   0    0   102  3.3  usb_isr_activity
0     14   0    0   151  3.9  usb_isr_stall
0      6   0    1    30  1.7  usb_request_send_response
0      4   0    0    22  1.2  usb_request_stall
0    202   3    2  3093  9.3  usb_isr_tok_dne
0      8   0    0    29  1.9  usb_enumerated
0     40   1    3   255  4.0  usb_token_reset
0     86   1    3   274  5.9  usb_endpoint_is_valid
0     24   0    1   158  3.1  usb_isr_tok_in_dne
0      6   0    1    53  1.9  usb_isr_tok_out_dne
0     50   1    0   375  6.4  usb_isr_tok_setup_dne
0    170   2    0  1454  8.3  usb_isr_tkn_setup_StandardDevice
0    158   2    3  1002  7.8  usb_isr_tkn_setup_StandardInterface
0     94   1    0   753  5.8  usb_isr_tkn_setup_StandardEndpoint
0     12   0    0   105  3.8  usb_isr_tkn_setup_ClassInterface
0    310   4    1  1492  8.8  usb_Get_Descriptor
0     14   0    0    76  1.8  usb_finish_set_address
0    170   2    4   668  8.4  usb_copy_desc_seg_to_ep
0     34   0    0             @goto11593
0     70   1    1   119  2.1  MAIN
 Inline         0             @cinit1

Program metrics:
    Functions               41
    Statements              576
    Comments                2402
    Volume (V)              32014
    Difficulty (D)          185.8
    Effort to implement (E) 5948205
    Time to implement (T)   91 hours, 48 minutes
    Est Delivered Bugs (B)  11
    Cyclomatic Complexity   108
    Maintainability (MI)    60

 Segment     Used  Free
-----------  ----  ----
00000-00002     4  0  
00004-00006     4  0  
00008-00094   142  0  
00096-07FFE  3810  28808  



